app/build/outputs/logs/manifest-merger-debug-report.txt
-- Merging decision tree log ---
manifest
ADDED from src/main/AndroidManifest.xml:2:1-51:12
	package
		ADDED from src/main/AndroidManifest.xml:3:5-41
		INJECTED from src/main/AndroidManifest.xml
		INJECTED from src/main/AndroidManifest.xml
	android:versionName
		ADDED from src/main/AndroidManifest.xml:5:5-31
		INJECTED from src/main/AndroidManifest.xml
		INJECTED from src/main/AndroidManifest.xml
	android:versionCode
		ADDED from src/main/AndroidManifest.xml:4:5-28
		INJECTED from src/main/AndroidManifest.xml
		INJECTED from src/main/AndroidManifest.xml
	xmlns:android
		ADDED from src/main/AndroidManifest.xml:2:11-69
uses-permission#android.permission.NFC
ADDED from src/main/AndroidManifest.xml:7:5-62
	android:name
		ADDED from src/main/AndroidManifest.xml:7:22-59
uses-permission#android.permission.VIBRATE
ADDED from src/main/AndroidManifest.xml:8:5-66
	android:name
		ADDED from src/main/AndroidManifest.xml:8:22-63
uses-feature#android.hardware.nfc
ADDED from src/main/AndroidManifest.xml:10:5-12:35
	android:required
		ADDED from src/main/AndroidManifest.xml:12:9-32
	android:name
		ADDED from src/main/AndroidManifest.xml:11:9-44
uses-sdk
ADDED from src/main/AndroidManifest.xml:14:5-16:41
	android:targetSdkVersion
		ADDED from src/main/AndroidManifest.xml:16:9-38
		INJECTED from src/main/AndroidManifest.xml
		INJECTED from src/main/AndroidManifest.xml
	android:minSdkVersion
		ADDED from src/main/AndroidManifest.xml:15:9-35
		INJECTED from src/main/AndroidManifest.xml
		INJECTED from src/main/AndroidManifest.xml
application
ADDED from src/main/AndroidManifest.xml:18:5-49:19
	android:label
		ADDED from src/main/AndroidManifest.xml:21:9-41
	android:allowBackup
		ADDED from src/main/AndroidManifest.xml:19:9-35
	android:icon
		ADDED from src/main/AndroidManifest.xml:20:9-45
	android:theme
		ADDED from src/main/AndroidManifest.xml:22:9-40
activity#com.example.auth.app.main.MyActivity
ADDED from src/main/AndroidManifest.xml:23:9-38:20
	android:screenOrientation
		ADDED from src/main/AndroidManifest.xml:26:13-49
	android:label
		ADDED from src/main/AndroidManifest.xml:25:13-45
	android:name
		ADDED from src/main/AndroidManifest.xml:24:13-64
intent-filter#android.intent.action.MAIN+android.intent.category.LAUNCHER
ADDED from src/main/AndroidManifest.xml:27:13-32:29
action#android.intent.action.MAIN
ADDED from src/main/AndroidManifest.xml:28:17-69
	android:name
		ADDED from src/main/AndroidManifest.xml:28:25-66
category#android.intent.category.LAUNCHER
ADDED from src/main/AndroidManifest.xml:31:17-77
	android:name
		ADDED from src/main/AndroidManifest.xml:31:27-74
intent-filter#android.nfc.action.TECH_DISCOVERED
ADDED from src/main/AndroidManifest.xml:33:13-104
action#android.nfc.action.TECH_DISCOVERED
ADDED from src/main/AndroidManifest.xml:33:28-88
	android:name
		ADDED from src/main/AndroidManifest.xml:33:36-85
meta-data#android.nfc.action.TECH_DISCOVERED
ADDED from src/main/AndroidManifest.xml:35:13-37:59
	android:resource
		ADDED from src/main/AndroidManifest.xml:37:17-56
	android:name
		ADDED from src/main/AndroidManifest.xml:36:17-66
provider#android.support.v4.content.FileProvider
ADDED from src/main/AndroidManifest.xml:40:9-48:20
	android:authorities
		ADDED from src/main/AndroidManifest.xml:42:13-91
	android:grantUriPermissions
		ADDED from src/main/AndroidManifest.xml:44:13-47
	android:exported
		ADDED from src/main/AndroidManifest.xml:43:13-37
	android:name
		ADDED from src/main/AndroidManifest.xml:41:13-67
meta-data#android.support.FILE_PROVIDER_PATHS
ADDED from src/main/AndroidManifest.xml:45:13-47:52
	android:resource
		ADDED from src/main/AndroidManifest.xml:47:17-49
	android:name
		ADDED from src/main/AndroidManifest.xml:46:17-67